FiveRuns TuneUp (v0.8.3): Starting...
FiveRuns TuneUp (v0.8.3): Using collector at https://tuneup-collector.fiveruns.com
FiveRuns TuneUp (v0.8.3): Using frontend at https://tuneup.fiveruns.com
FiveRuns TuneUp (v0.8.3): Retrieved last run id of  for http://localhost:3000/login using stub f3e3c83e3155dd3ff584ca8491592cd3d4298e31
FiveRuns TuneUp (v0.8.3): No stack found
FiveRuns TuneUp (v0.8.3): Persisting for http://localhost:3000/session using stub 9767bc1cba8dc7c0ee61f696e40e87c8633cdc25
FiveRuns TuneUp (v0.8.3): Persisting 9767bc1cba8dc7c0ee61f696e40e87c8633cdc25/1212173015053_16000
FiveRuns TuneUp (v0.8.3): Persisting for http://localhost:3000/ using stub c941ad20dc843d199a8832622748bcf0b460ca68
FiveRuns TuneUp (v0.8.3): Persisting c941ad20dc843d199a8832622748bcf0b460ca68/1212173026162_10625000
FiveRuns TuneUp (v0.8.3): Starting...
FiveRuns TuneUp (v0.8.3): Using collector at https://tuneup-collector.fiveruns.com
FiveRuns TuneUp (v0.8.3): Using frontend at https://tuneup.fiveruns.com
FiveRuns TuneUp (v0.8.3): Persisting for http://localhost:3000/ using stub c941ad20dc843d199a8832622748bcf0b460ca68
FiveRuns TuneUp (v0.8.3): Persisting c941ad20dc843d199a8832622748bcf0b460ca68/1212173354944_1312999
FiveRuns TuneUp (v0.8.3): Persisting for http://localhost:3000/ using stub c941ad20dc843d199a8832622748bcf0b460ca68
FiveRuns TuneUp (v0.8.3): Persisting c941ad20dc843d199a8832622748bcf0b460ca68/1212173535819_109875000
FiveRuns TuneUp (v0.8.3): Persisting for http://localhost:3000/ using stub c941ad20dc843d199a8832622748bcf0b460ca68
FiveRuns TuneUp (v0.8.3): Persisting c941ad20dc843d199a8832622748bcf0b460ca68/1212173648741_1188999
FiveRuns TuneUp (v0.8.3): Starting...
FiveRuns TuneUp (v0.8.3): Using collector at https://tuneup-collector.fiveruns.com
FiveRuns TuneUp (v0.8.3): Using frontend at https://tuneup.fiveruns.com
FiveRuns TuneUp (v0.8.3): Retrieved last run id of c941ad20dc843d199a8832622748bcf0b460ca68/1212173648741_1188999 for http://localhost:3000/ using stub c941ad20dc843d199a8832622748bcf0b460ca68
